<?xml version="1.0" encoding="UTF-8"?>
<!-- Generated by org.testng.reporters.JUnitReportReporter -->
<testsuite skipped="0" hostname="DESKTOP-5FK0QAV" name="restassuredpractise.Naukri.testNaukri" tests="1" failures="0" timestamp="24 Feb 2019 10:14:01 GMT" time="30.710" errors="0">
  <testcase name="updateNaukriProfile" time="30.710" classname="restassuredpractise.Naukri.testNaukri"/>
</testsuite> <!-- restassuredpractise.Naukri.testNaukri -->
